/*C12*/SET SCHEMA PUBLIC
drop table if exists contato
create table contato ( id IDENTITY PRIMARY KEY, nome varchar(255) not null, telefone varchar(255) not null, email varchar(255) not null )
INSERT INTO CONTATO VALUES(0,'Mario H. Nogueira','11-98235-8512','teste@teste.com')
COMMIT
INSERT INTO CONTATO VALUES(1,'Jos\u00e9 da Silva','11-98135-8682','teste@teste.com.br')
COMMIT
DISCONNECT
/*C13*/SET SCHEMA PUBLIC
DISCONNECT
/*C14*/SET SCHEMA PUBLIC
DISCONNECT
/*C15*/SET SCHEMA PUBLIC
DISCONNECT
/*C16*/SET SCHEMA PUBLIC
DISCONNECT
/*C17*/SET SCHEMA PUBLIC
DISCONNECT
/*C18*/SET SCHEMA PUBLIC
DISCONNECT
/*C19*/SET SCHEMA PUBLIC
DISCONNECT
/*C20*/SET SCHEMA PUBLIC
DISCONNECT
/*C21*/SET SCHEMA PUBLIC
DISCONNECT
